Performing C SOURCE FILE Test CMAKE_HAVE_LIBC_PTHREAD failed with the following output:
Change Dir: /home/otiose/repos/epita/vlg/ext/igraph-0.9.4/build/CMakeFiles/CMakeTmp

Run Build Command(s):/usr/bin/make cmTC_f7a81/fast && /usr/bin/make -f CMakeFiles/cmTC_f7a81.dir/build.make CMakeFiles/cmTC_f7a81.dir/build
make[1]: Entering directory '/home/otiose/repos/epita/vlg/ext/igraph-0.9.4/build/CMakeFiles/CMakeTmp'
Building C object CMakeFiles/cmTC_f7a81.dir/src.c.o
/usr/bin/cc   -DCMAKE_HAVE_LIBC_PTHREAD   -std=gnu99 -o CMakeFiles/cmTC_f7a81.dir/src.c.o   -c /home/otiose/repos/epita/vlg/ext/igraph-0.9.4/build/CMakeFiles/CMakeTmp/src.c
Linking C executable cmTC_f7a81
/usr/bin/cmake -E cmake_link_script CMakeFiles/cmTC_f7a81.dir/link.txt --verbose=1
/usr/bin/cc  -DCMAKE_HAVE_LIBC_PTHREAD    CMakeFiles/cmTC_f7a81.dir/src.c.o  -o cmTC_f7a81 
/usr/bin/ld: CMakeFiles/cmTC_f7a81.dir/src.c.o: in function `main':
src.c:(.text+0x2f): undefined reference to `pthread_create'
/usr/bin/ld: src.c:(.text+0x3b): undefined reference to `pthread_detach'
/usr/bin/ld: src.c:(.text+0x4c): undefined reference to `pthread_join'
collect2: error: ld returned 1 exit status
make[1]: *** [CMakeFiles/cmTC_f7a81.dir/build.make:87: cmTC_f7a81] Error 1
make[1]: Leaving directory '/home/otiose/repos/epita/vlg/ext/igraph-0.9.4/build/CMakeFiles/CMakeTmp'
make: *** [Makefile:121: cmTC_f7a81/fast] Error 2


Source file was:
#include <pthread.h>

void* test_func(void* data)
{
  return data;
}

int main(void)
{
  pthread_t thread;
  pthread_create(&thread, NULL, test_func, NULL);
  pthread_detach(thread);
  pthread_join(thread, NULL);
  pthread_atfork(NULL, NULL, NULL);
  pthread_exit(NULL);

  return 0;
}

Determining if the function pthread_create exists in the pthreads failed with the following output:
Change Dir: /home/otiose/repos/epita/vlg/ext/igraph-0.9.4/build/CMakeFiles/CMakeTmp

Run Build Command(s):/usr/bin/make cmTC_16ccb/fast && /usr/bin/make -f CMakeFiles/cmTC_16ccb.dir/build.make CMakeFiles/cmTC_16ccb.dir/build
make[1]: Entering directory '/home/otiose/repos/epita/vlg/ext/igraph-0.9.4/build/CMakeFiles/CMakeTmp'
Building C object CMakeFiles/cmTC_16ccb.dir/CheckFunctionExists.c.o
/usr/bin/cc   -DCHECK_FUNCTION_EXISTS=pthread_create   -std=gnu99 -o CMakeFiles/cmTC_16ccb.dir/CheckFunctionExists.c.o   -c /usr/share/cmake-3.16/Modules/CheckFunctionExists.c
Linking C executable cmTC_16ccb
/usr/bin/cmake -E cmake_link_script CMakeFiles/cmTC_16ccb.dir/link.txt --verbose=1
/usr/bin/cc  -DCHECK_FUNCTION_EXISTS=pthread_create    CMakeFiles/cmTC_16ccb.dir/CheckFunctionExists.c.o  -o cmTC_16ccb  -lpthreads 
/usr/bin/ld: cannot find -lpthreads
collect2: error: ld returned 1 exit status
make[1]: *** [CMakeFiles/cmTC_16ccb.dir/build.make:87: cmTC_16ccb] Error 1
make[1]: Leaving directory '/home/otiose/repos/epita/vlg/ext/igraph-0.9.4/build/CMakeFiles/CMakeTmp'
make: *** [Makefile:121: cmTC_16ccb/fast] Error 2



Determining if the function sgemm_ exists failed with the following output:
Change Dir: /home/otiose/repos/epita/vlg/ext/igraph-0.9.4/build/CMakeFiles/CMakeTmp

Run Build Command(s):/usr/bin/make cmTC_dfa2a/fast && /usr/bin/make -f CMakeFiles/cmTC_dfa2a.dir/build.make CMakeFiles/cmTC_dfa2a.dir/build
make[1]: Entering directory '/home/otiose/repos/epita/vlg/ext/igraph-0.9.4/build/CMakeFiles/CMakeTmp'
Building C object CMakeFiles/cmTC_dfa2a.dir/CheckFunctionExists.c.o
/usr/bin/cc   -DCHECK_FUNCTION_EXISTS=sgemm_   -std=gnu99 -o CMakeFiles/cmTC_dfa2a.dir/CheckFunctionExists.c.o   -c /usr/share/cmake-3.16/Modules/CheckFunctionExists.c
Linking C executable cmTC_dfa2a
/usr/bin/cmake -E cmake_link_script CMakeFiles/cmTC_dfa2a.dir/link.txt --verbose=1
/usr/bin/cc  -DCHECK_FUNCTION_EXISTS=sgemm_    CMakeFiles/cmTC_dfa2a.dir/CheckFunctionExists.c.o  -o cmTC_dfa2a 
/usr/bin/ld: CMakeFiles/cmTC_dfa2a.dir/CheckFunctionExists.c.o: in function `main':
CheckFunctionExists.c:(.text+0x10): undefined reference to `sgemm_'
collect2: error: ld returned 1 exit status
make[1]: *** [CMakeFiles/cmTC_dfa2a.dir/build.make:87: cmTC_dfa2a] Error 1
make[1]: Leaving directory '/home/otiose/repos/epita/vlg/ext/igraph-0.9.4/build/CMakeFiles/CMakeTmp'
make: *** [Makefile:121: cmTC_dfa2a/fast] Error 2



Determining if the function cheev_ exists failed with the following output:
Change Dir: /home/otiose/repos/epita/vlg/ext/igraph-0.9.4/build/CMakeFiles/CMakeTmp

Run Build Command(s):/usr/bin/make cmTC_86457/fast && /usr/bin/make -f CMakeFiles/cmTC_86457.dir/build.make CMakeFiles/cmTC_86457.dir/build
make[1]: Entering directory '/home/otiose/repos/epita/vlg/ext/igraph-0.9.4/build/CMakeFiles/CMakeTmp'
Building C object CMakeFiles/cmTC_86457.dir/CheckFunctionExists.c.o
/usr/bin/cc   -DCHECK_FUNCTION_EXISTS=cheev_   -std=gnu99 -o CMakeFiles/cmTC_86457.dir/CheckFunctionExists.c.o   -c /usr/share/cmake-3.16/Modules/CheckFunctionExists.c
Linking C executable cmTC_86457
/usr/bin/cmake -E cmake_link_script CMakeFiles/cmTC_86457.dir/link.txt --verbose=1
/usr/bin/cc  -DCHECK_FUNCTION_EXISTS=cheev_    CMakeFiles/cmTC_86457.dir/CheckFunctionExists.c.o  -o cmTC_86457  /usr/lib/x86_64-linux-gnu/libblas.so 
/usr/bin/ld: CMakeFiles/cmTC_86457.dir/CheckFunctionExists.c.o: in function `main':
CheckFunctionExists.c:(.text+0x10): undefined reference to `cheev_'
collect2: error: ld returned 1 exit status
make[1]: *** [CMakeFiles/cmTC_86457.dir/build.make:88: cmTC_86457] Error 1
make[1]: Leaving directory '/home/otiose/repos/epita/vlg/ext/igraph-0.9.4/build/CMakeFiles/CMakeTmp'
make: *** [Makefile:121: cmTC_86457/fast] Error 2



Determing location of ARPACK failed:
Libraries to link against: 

Determining if the sinh exist failed with the following output:
Change Dir: /home/otiose/repos/epita/vlg/ext/igraph-0.9.4/build/CMakeFiles/CMakeTmp

Run Build Command(s):/usr/bin/make cmTC_5e43e/fast && /usr/bin/make -f CMakeFiles/cmTC_5e43e.dir/build.make CMakeFiles/cmTC_5e43e.dir/build
make[1]: Entering directory '/home/otiose/repos/epita/vlg/ext/igraph-0.9.4/build/CMakeFiles/CMakeTmp'
Building C object CMakeFiles/cmTC_5e43e.dir/CheckSymbolExists.c.o
/usr/bin/cc   -std=gnu99 -o CMakeFiles/cmTC_5e43e.dir/CheckSymbolExists.c.o   -c /home/otiose/repos/epita/vlg/ext/igraph-0.9.4/build/CMakeFiles/CMakeTmp/CheckSymbolExists.c
Linking C executable cmTC_5e43e
/usr/bin/cmake -E cmake_link_script CMakeFiles/cmTC_5e43e.dir/link.txt --verbose=1
/usr/bin/cc      CMakeFiles/cmTC_5e43e.dir/CheckSymbolExists.c.o  -o cmTC_5e43e 
/usr/bin/ld: CMakeFiles/cmTC_5e43e.dir/CheckSymbolExists.c.o: in function `main':
CheckSymbolExists.c:(.text+0x1b): undefined reference to `sinh'
collect2: error: ld returned 1 exit status
make[1]: *** [CMakeFiles/cmTC_5e43e.dir/build.make:87: cmTC_5e43e] Error 1
make[1]: Leaving directory '/home/otiose/repos/epita/vlg/ext/igraph-0.9.4/build/CMakeFiles/CMakeTmp'
make: *** [Makefile:121: cmTC_5e43e/fast] Error 2


File /home/otiose/repos/epita/vlg/ext/igraph-0.9.4/build/CMakeFiles/CMakeTmp/CheckSymbolExists.c:
/* */
#include <math.h>

int main(int argc, char** argv)
{
  (void)argv;
#ifndef sinh
  return ((int*)(&sinh))[argc];
#else
  (void)argc;
  return 0;
#endif
}
Determining if the expm1 exist failed with the following output:
Change Dir: /home/otiose/repos/epita/vlg/ext/igraph-0.9.4/build/CMakeFiles/CMakeTmp

Run Build Command(s):/usr/bin/make cmTC_f909f/fast && /usr/bin/make -f CMakeFiles/cmTC_f909f.dir/build.make CMakeFiles/cmTC_f909f.dir/build
make[1]: Entering directory '/home/otiose/repos/epita/vlg/ext/igraph-0.9.4/build/CMakeFiles/CMakeTmp'
Building C object CMakeFiles/cmTC_f909f.dir/CheckSymbolExists.c.o
/usr/bin/cc   -std=gnu99 -o CMakeFiles/cmTC_f909f.dir/CheckSymbolExists.c.o   -c /home/otiose/repos/epita/vlg/ext/igraph-0.9.4/build/CMakeFiles/CMakeTmp/CheckSymbolExists.c
Linking C executable cmTC_f909f
/usr/bin/cmake -E cmake_link_script CMakeFiles/cmTC_f909f.dir/link.txt --verbose=1
/usr/bin/cc      CMakeFiles/cmTC_f909f.dir/CheckSymbolExists.c.o  -o cmTC_f909f 
/usr/bin/ld: CMakeFiles/cmTC_f909f.dir/CheckSymbolExists.c.o: in function `main':
CheckSymbolExists.c:(.text+0x1b): undefined reference to `expm1'
collect2: error: ld returned 1 exit status
make[1]: *** [CMakeFiles/cmTC_f909f.dir/build.make:87: cmTC_f909f] Error 1
make[1]: Leaving directory '/home/otiose/repos/epita/vlg/ext/igraph-0.9.4/build/CMakeFiles/CMakeTmp'
make: *** [Makefile:121: cmTC_f909f/fast] Error 2


File /home/otiose/repos/epita/vlg/ext/igraph-0.9.4/build/CMakeFiles/CMakeTmp/CheckSymbolExists.c:
/* */
#include <math.h>

int main(int argc, char** argv)
{
  (void)argv;
#ifndef expm1
  return ((int*)(&expm1))[argc];
#else
  (void)argc;
  return 0;
#endif
}
Determining if the fmin exist failed with the following output:
Change Dir: /home/otiose/repos/epita/vlg/ext/igraph-0.9.4/build/CMakeFiles/CMakeTmp

Run Build Command(s):/usr/bin/make cmTC_41e20/fast && /usr/bin/make -f CMakeFiles/cmTC_41e20.dir/build.make CMakeFiles/cmTC_41e20.dir/build
make[1]: Entering directory '/home/otiose/repos/epita/vlg/ext/igraph-0.9.4/build/CMakeFiles/CMakeTmp'
Building C object CMakeFiles/cmTC_41e20.dir/CheckSymbolExists.c.o
/usr/bin/cc   -std=gnu99 -o CMakeFiles/cmTC_41e20.dir/CheckSymbolExists.c.o   -c /home/otiose/repos/epita/vlg/ext/igraph-0.9.4/build/CMakeFiles/CMakeTmp/CheckSymbolExists.c
Linking C executable cmTC_41e20
/usr/bin/cmake -E cmake_link_script CMakeFiles/cmTC_41e20.dir/link.txt --verbose=1
/usr/bin/cc      CMakeFiles/cmTC_41e20.dir/CheckSymbolExists.c.o  -o cmTC_41e20 
/usr/bin/ld: CMakeFiles/cmTC_41e20.dir/CheckSymbolExists.c.o: in function `main':
CheckSymbolExists.c:(.text+0x1b): undefined reference to `fmin'
collect2: error: ld returned 1 exit status
make[1]: *** [CMakeFiles/cmTC_41e20.dir/build.make:87: cmTC_41e20] Error 1
make[1]: Leaving directory '/home/otiose/repos/epita/vlg/ext/igraph-0.9.4/build/CMakeFiles/CMakeTmp'
make: *** [Makefile:121: cmTC_41e20/fast] Error 2


File /home/otiose/repos/epita/vlg/ext/igraph-0.9.4/build/CMakeFiles/CMakeTmp/CheckSymbolExists.c:
/* */
#include <math.h>

int main(int argc, char** argv)
{
  (void)argv;
#ifndef fmin
  return ((int*)(&fmin))[argc];
#else
  (void)argc;
  return 0;
#endif
}
Determining if the log2 exist failed with the following output:
Change Dir: /home/otiose/repos/epita/vlg/ext/igraph-0.9.4/build/CMakeFiles/CMakeTmp

Run Build Command(s):/usr/bin/make cmTC_b98ad/fast && /usr/bin/make -f CMakeFiles/cmTC_b98ad.dir/build.make CMakeFiles/cmTC_b98ad.dir/build
make[1]: Entering directory '/home/otiose/repos/epita/vlg/ext/igraph-0.9.4/build/CMakeFiles/CMakeTmp'
Building C object CMakeFiles/cmTC_b98ad.dir/CheckSymbolExists.c.o
/usr/bin/cc   -std=gnu99 -o CMakeFiles/cmTC_b98ad.dir/CheckSymbolExists.c.o   -c /home/otiose/repos/epita/vlg/ext/igraph-0.9.4/build/CMakeFiles/CMakeTmp/CheckSymbolExists.c
Linking C executable cmTC_b98ad
/usr/bin/cmake -E cmake_link_script CMakeFiles/cmTC_b98ad.dir/link.txt --verbose=1
/usr/bin/cc      CMakeFiles/cmTC_b98ad.dir/CheckSymbolExists.c.o  -o cmTC_b98ad 
/usr/bin/ld: CMakeFiles/cmTC_b98ad.dir/CheckSymbolExists.c.o: in function `main':
CheckSymbolExists.c:(.text+0x1b): undefined reference to `log2'
collect2: error: ld returned 1 exit status
make[1]: *** [CMakeFiles/cmTC_b98ad.dir/build.make:87: cmTC_b98ad] Error 1
make[1]: Leaving directory '/home/otiose/repos/epita/vlg/ext/igraph-0.9.4/build/CMakeFiles/CMakeTmp'
make: *** [Makefile:121: cmTC_b98ad/fast] Error 2


File /home/otiose/repos/epita/vlg/ext/igraph-0.9.4/build/CMakeFiles/CMakeTmp/CheckSymbolExists.c:
/* */
#include <math.h>

int main(int argc, char** argv)
{
  (void)argv;
#ifndef log2
  return ((int*)(&log2))[argc];
#else
  (void)argc;
  return 0;
#endif
}
Determining if the log1p exist failed with the following output:
Change Dir: /home/otiose/repos/epita/vlg/ext/igraph-0.9.4/build/CMakeFiles/CMakeTmp

Run Build Command(s):/usr/bin/make cmTC_9fc0b/fast && /usr/bin/make -f CMakeFiles/cmTC_9fc0b.dir/build.make CMakeFiles/cmTC_9fc0b.dir/build
make[1]: Entering directory '/home/otiose/repos/epita/vlg/ext/igraph-0.9.4/build/CMakeFiles/CMakeTmp'
Building C object CMakeFiles/cmTC_9fc0b.dir/CheckSymbolExists.c.o
/usr/bin/cc   -std=gnu99 -o CMakeFiles/cmTC_9fc0b.dir/CheckSymbolExists.c.o   -c /home/otiose/repos/epita/vlg/ext/igraph-0.9.4/build/CMakeFiles/CMakeTmp/CheckSymbolExists.c
Linking C executable cmTC_9fc0b
/usr/bin/cmake -E cmake_link_script CMakeFiles/cmTC_9fc0b.dir/link.txt --verbose=1
/usr/bin/cc      CMakeFiles/cmTC_9fc0b.dir/CheckSymbolExists.c.o  -o cmTC_9fc0b 
/usr/bin/ld: CMakeFiles/cmTC_9fc0b.dir/CheckSymbolExists.c.o: in function `main':
CheckSymbolExists.c:(.text+0x1b): undefined reference to `log1p'
collect2: error: ld returned 1 exit status
make[1]: *** [CMakeFiles/cmTC_9fc0b.dir/build.make:87: cmTC_9fc0b] Error 1
make[1]: Leaving directory '/home/otiose/repos/epita/vlg/ext/igraph-0.9.4/build/CMakeFiles/CMakeTmp'
make: *** [Makefile:121: cmTC_9fc0b/fast] Error 2


File /home/otiose/repos/epita/vlg/ext/igraph-0.9.4/build/CMakeFiles/CMakeTmp/CheckSymbolExists.c:
/* */
#include <math.h>

int main(int argc, char** argv)
{
  (void)argv;
#ifndef log1p
  return ((int*)(&log1p))[argc];
#else
  (void)argc;
  return 0;
#endif
}
Determining if the rint exist failed with the following output:
Change Dir: /home/otiose/repos/epita/vlg/ext/igraph-0.9.4/build/CMakeFiles/CMakeTmp

Run Build Command(s):/usr/bin/make cmTC_008cf/fast && /usr/bin/make -f CMakeFiles/cmTC_008cf.dir/build.make CMakeFiles/cmTC_008cf.dir/build
make[1]: Entering directory '/home/otiose/repos/epita/vlg/ext/igraph-0.9.4/build/CMakeFiles/CMakeTmp'
Building C object CMakeFiles/cmTC_008cf.dir/CheckSymbolExists.c.o
/usr/bin/cc   -std=gnu99 -o CMakeFiles/cmTC_008cf.dir/CheckSymbolExists.c.o   -c /home/otiose/repos/epita/vlg/ext/igraph-0.9.4/build/CMakeFiles/CMakeTmp/CheckSymbolExists.c
Linking C executable cmTC_008cf
/usr/bin/cmake -E cmake_link_script CMakeFiles/cmTC_008cf.dir/link.txt --verbose=1
/usr/bin/cc      CMakeFiles/cmTC_008cf.dir/CheckSymbolExists.c.o  -o cmTC_008cf 
/usr/bin/ld: CMakeFiles/cmTC_008cf.dir/CheckSymbolExists.c.o: in function `main':
CheckSymbolExists.c:(.text+0x1b): undefined reference to `rint'
collect2: error: ld returned 1 exit status
make[1]: *** [CMakeFiles/cmTC_008cf.dir/build.make:87: cmTC_008cf] Error 1
make[1]: Leaving directory '/home/otiose/repos/epita/vlg/ext/igraph-0.9.4/build/CMakeFiles/CMakeTmp'
make: *** [Makefile:121: cmTC_008cf/fast] Error 2


File /home/otiose/repos/epita/vlg/ext/igraph-0.9.4/build/CMakeFiles/CMakeTmp/CheckSymbolExists.c:
/* */
#include <math.h>

int main(int argc, char** argv)
{
  (void)argv;
#ifndef rint
  return ((int*)(&rint))[argc];
#else
  (void)argc;
  return 0;
#endif
}
Determining if the rintf exist failed with the following output:
Change Dir: /home/otiose/repos/epita/vlg/ext/igraph-0.9.4/build/CMakeFiles/CMakeTmp

Run Build Command(s):/usr/bin/make cmTC_08e2c/fast && /usr/bin/make -f CMakeFiles/cmTC_08e2c.dir/build.make CMakeFiles/cmTC_08e2c.dir/build
make[1]: Entering directory '/home/otiose/repos/epita/vlg/ext/igraph-0.9.4/build/CMakeFiles/CMakeTmp'
Building C object CMakeFiles/cmTC_08e2c.dir/CheckSymbolExists.c.o
/usr/bin/cc   -std=gnu99 -o CMakeFiles/cmTC_08e2c.dir/CheckSymbolExists.c.o   -c /home/otiose/repos/epita/vlg/ext/igraph-0.9.4/build/CMakeFiles/CMakeTmp/CheckSymbolExists.c
Linking C executable cmTC_08e2c
/usr/bin/cmake -E cmake_link_script CMakeFiles/cmTC_08e2c.dir/link.txt --verbose=1
/usr/bin/cc      CMakeFiles/cmTC_08e2c.dir/CheckSymbolExists.c.o  -o cmTC_08e2c 
/usr/bin/ld: CMakeFiles/cmTC_08e2c.dir/CheckSymbolExists.c.o: in function `main':
CheckSymbolExists.c:(.text+0x1b): undefined reference to `rintf'
collect2: error: ld returned 1 exit status
make[1]: *** [CMakeFiles/cmTC_08e2c.dir/build.make:87: cmTC_08e2c] Error 1
make[1]: Leaving directory '/home/otiose/repos/epita/vlg/ext/igraph-0.9.4/build/CMakeFiles/CMakeTmp'
make: *** [Makefile:121: cmTC_08e2c/fast] Error 2


File /home/otiose/repos/epita/vlg/ext/igraph-0.9.4/build/CMakeFiles/CMakeTmp/CheckSymbolExists.c:
/* */
#include <math.h>

int main(int argc, char** argv)
{
  (void)argv;
#ifndef rintf
  return ((int*)(&rintf))[argc];
#else
  (void)argc;
  return 0;
#endif
}
Determining if the round exist failed with the following output:
Change Dir: /home/otiose/repos/epita/vlg/ext/igraph-0.9.4/build/CMakeFiles/CMakeTmp

Run Build Command(s):/usr/bin/make cmTC_ee056/fast && /usr/bin/make -f CMakeFiles/cmTC_ee056.dir/build.make CMakeFiles/cmTC_ee056.dir/build
make[1]: Entering directory '/home/otiose/repos/epita/vlg/ext/igraph-0.9.4/build/CMakeFiles/CMakeTmp'
Building C object CMakeFiles/cmTC_ee056.dir/CheckSymbolExists.c.o
/usr/bin/cc   -std=gnu99 -o CMakeFiles/cmTC_ee056.dir/CheckSymbolExists.c.o   -c /home/otiose/repos/epita/vlg/ext/igraph-0.9.4/build/CMakeFiles/CMakeTmp/CheckSymbolExists.c
Linking C executable cmTC_ee056
/usr/bin/cmake -E cmake_link_script CMakeFiles/cmTC_ee056.dir/link.txt --verbose=1
/usr/bin/cc      CMakeFiles/cmTC_ee056.dir/CheckSymbolExists.c.o  -o cmTC_ee056 
/usr/bin/ld: CMakeFiles/cmTC_ee056.dir/CheckSymbolExists.c.o: in function `main':
CheckSymbolExists.c:(.text+0x1b): undefined reference to `round'
collect2: error: ld returned 1 exit status
make[1]: *** [CMakeFiles/cmTC_ee056.dir/build.make:87: cmTC_ee056] Error 1
make[1]: Leaving directory '/home/otiose/repos/epita/vlg/ext/igraph-0.9.4/build/CMakeFiles/CMakeTmp'
make: *** [Makefile:121: cmTC_ee056/fast] Error 2


File /home/otiose/repos/epita/vlg/ext/igraph-0.9.4/build/CMakeFiles/CMakeTmp/CheckSymbolExists.c:
/* */
#include <math.h>

int main(int argc, char** argv)
{
  (void)argv;
#ifndef round
  return ((int*)(&round))[argc];
#else
  (void)argc;
  return 0;
#endif
}
Determining if the _stricmp exist failed with the following output:
Change Dir: /home/otiose/repos/epita/vlg/ext/igraph-0.9.4/build/CMakeFiles/CMakeTmp

Run Build Command(s):/usr/bin/make cmTC_f64ec/fast && /usr/bin/make -f CMakeFiles/cmTC_f64ec.dir/build.make CMakeFiles/cmTC_f64ec.dir/build
make[1]: Entering directory '/home/otiose/repos/epita/vlg/ext/igraph-0.9.4/build/CMakeFiles/CMakeTmp'
Building C object CMakeFiles/cmTC_f64ec.dir/CheckSymbolExists.c.o
/usr/bin/cc   -std=gnu99 -o CMakeFiles/cmTC_f64ec.dir/CheckSymbolExists.c.o   -c /home/otiose/repos/epita/vlg/ext/igraph-0.9.4/build/CMakeFiles/CMakeTmp/CheckSymbolExists.c
/home/otiose/repos/epita/vlg/ext/igraph-0.9.4/build/CMakeFiles/CMakeTmp/CheckSymbolExists.c: In function ‘main’:
/home/otiose/repos/epita/vlg/ext/igraph-0.9.4/build/CMakeFiles/CMakeTmp/CheckSymbolExists.c:8:19: error: ‘_stricmp’ undeclared (first use in this function); did you mean ‘strncmp’?
   return ((int*)(&_stricmp))[argc];
                   ^~~~~~~~
                   strncmp
/home/otiose/repos/epita/vlg/ext/igraph-0.9.4/build/CMakeFiles/CMakeTmp/CheckSymbolExists.c:8:19: note: each undeclared identifier is reported only once for each function it appears in
make[1]: *** [CMakeFiles/cmTC_f64ec.dir/build.make:66: CMakeFiles/cmTC_f64ec.dir/CheckSymbolExists.c.o] Error 1
make[1]: Leaving directory '/home/otiose/repos/epita/vlg/ext/igraph-0.9.4/build/CMakeFiles/CMakeTmp'
make: *** [Makefile:121: cmTC_f64ec/fast] Error 2


File /home/otiose/repos/epita/vlg/ext/igraph-0.9.4/build/CMakeFiles/CMakeTmp/CheckSymbolExists.c:
/* */
#include <string.h>

int main(int argc, char** argv)
{
  (void)argv;
#ifndef _stricmp
  return ((int*)(&_stricmp))[argc];
#else
  (void)argc;
  return 0;
#endif
}
Determing location of ARPACK failed:
Libraries to link against: 

